# JRE version: OpenJDK Runtime Environment (11.0.10) (build 11.0.10+0-b96-7249189)
# Java VM: OpenJDK 64-Bit Server VM (11.0.10+0-b96-7249189, mixed mode, tiered, compressed oops, g1 gc, windows-amd64)
Heap:
 garbage-first heap   total 225280K, used 172867K [0x0000000080000000, 0x0000000100000000)
  region size 1024K, 27 young (27648K), 1 survivors (1024K)
 Metaspace       used 127886K, capacity 131120K, committed 131456K, reserved 1163264K
  class space    used 15725K, capacity 16905K, committed 17024K, reserved 1048576K
GC Heap History (20 events):
Event: 162.137 GC heap before
{Heap before GC invocations=83 (full 0):
 garbage-first heap   total 155648K, used 142223K [0x0000000080000000, 0x0000000100000000)
  region size 1024K, 7 young (7168K), 1 survivors (1024K)
 Metaspace       used 119191K, capacity 122355K, committed 122624K, reserved 1155072K
  class space    used 14889K, capacity 16035K, committed 16128K, reserved 1048576K
}
Event: 162.146 GC heap after
{Heap after GC invocations=84 (full 0):
 garbage-first heap   total 187392K, used 136009K [0x0000000080000000, 0x0000000100000000)
  region size 1024K, 1 young (1024K), 1 survivors (1024K)
 Metaspace       used 119191K, capacity 122355K, committed 122624K, reserved 1155072K
  class space    used 14889K, capacity 16035K, committed 16128K, reserved 1048576K
}
Event: 162.595 GC heap before
{Heap before GC invocations=84 (full 0):
 garbage-first heap   total 187392K, used 152393K [0x0000000080000000, 0x0000000100000000)
  region size 1024K, 17 young (17408K), 1 survivors (1024K)
 Metaspace       used 119234K, capacity 122423K, committed 122624K, reserved 1155072K
  class space    used 14891K, capacity 16036K, committed 16128K, reserved 1048576K
}
Event: 162.600 GC heap after
{Heap after GC invocations=85 (full 0):
 garbage-first heap   total 187392K, used 136548K [0x0000000080000000, 0x0000000100000000)
  region size 1024K, 2 young (2048K), 2 survivors (2048K)
 Metaspace       used 119234K, capacity 122423K, committed 122624K, reserved 1155072K
  class space    used 14891K, capacity 16036K, committed 16128K, reserved 1048576K
}
Event: 162.897 GC heap before
{Heap before GC invocations=85 (full 0):
 garbage-first heap   total 187392K, used 152932K [0x0000000080000000, 0x0000000100000000)
  region size 1024K, 18 young (18432K), 2 survivors (2048K)
 Metaspace       used 119242K, capacity 122423K, committed 122624K, reserved 1155072K
  class space    used 14891K, capacity 16036K, committed 16128K, reserved 1048576K
}
Event: 162.902 GC heap after
{Heap after GC invocations=86 (full 0):
 garbage-first heap   total 187392K, used 136605K [0x0000000080000000, 0x0000000100000000)
  region size 1024K, 2 young (2048K), 2 survivors (2048K)
 Metaspace       used 119242K, capacity 122423K, committed 122624K, reserved 1155072K
  class space    used 14891K, capacity 16036K, committed 16128K, reserved 1048576K
}
Event: 163.027 GC heap before
{Heap before GC invocations=86 (full 0):
 garbage-first heap   total 187392K, used 155037K [0x0000000080000000, 0x0000000100000000)
  region size 1024K, 20 young (20480K), 2 survivors (2048K)
 Metaspace       used 119243K, capacity 122423K, committed 122624K, reserved 1155072K
  class space    used 14891K, capacity 16036K, committed 16128K, reserved 1048576K
}
Event: 163.031 GC heap after
{Heap after GC invocations=87 (full 0):
 garbage-first heap   total 187392K, used 136565K [0x0000000080000000, 0x0000000100000000)
  region size 1024K, 2 young (2048K), 2 survivors (2048K)
 Metaspace       used 119243K, capacity 122423K, committed 122624K, reserved 1155072K
  class space    used 14891K, capacity 16036K, committed 16128K, reserved 1048576K
}
Event: 163.632 GC heap before
{Heap before GC invocations=87 (full 0):
 garbage-first heap   total 187392K, used 166261K [0x0000000080000000, 0x0000000100000000)
  region size 1024K, 21 young (21504K), 2 survivors (2048K)
 Metaspace       used 119264K, capacity 122429K, committed 122624K, reserved 1155072K
  class space    used 14894K, capacity 16038K, committed 16128K, reserved 1048576K
}
Event: 163.645 GC heap after
{Heap after GC invocations=88 (full 0):
 garbage-first heap   total 225280K, used 143269K [0x0000000080000000, 0x0000000100000000)
  region size 1024K, 3 young (3072K), 3 survivors (3072K)
 Metaspace       used 119264K, capacity 122429K, committed 122624K, reserved 1155072K
  class space    used 14894K, capacity 16038K, committed 16128K, reserved 1048576K
}
Event: 164.967 GC heap before
{Heap before GC invocations=89 (full 0):
 garbage-first heap   total 225280K, used 178085K [0x0000000080000000, 0x0000000100000000)
  region size 1024K, 35 young (35840K), 3 survivors (3072K)
 Metaspace       used 122021K, capacity 125247K, committed 125440K, reserved 1159168K
  class space    used 15121K, capacity 16276K, committed 16384K, reserved 1048576K
}
Event: 164.984 GC heap after
{Heap after GC invocations=90 (full 0):
 garbage-first heap   total 225280K, used 144312K [0x0000000080000000, 0x0000000100000000)
  region size 1024K, 5 young (5120K), 5 survivors (5120K)
 Metaspace       used 122021K, capacity 125247K, committed 125440K, reserved 1159168K
  class space    used 15121K, capacity 16276K, committed 16384K, reserved 1048576K
}
Event: 165.392 GC heap before
{Heap before GC invocations=90 (full 0):
 garbage-first heap   total 225280K, used 177080K [0x0000000080000000, 0x0000000100000000)
  region size 1024K, 37 young (37888K), 5 survivors (5120K)
 Metaspace       used 122811K, capacity 125983K, committed 126208K, reserved 1159168K
  class space    used 15156K, capacity 16308K, committed 16384K, reserved 1048576K
}
Event: 165.400 GC heap after
{Heap after GC invocations=91 (full 0):
 garbage-first heap   total 225280K, used 146405K [0x0000000080000000, 0x0000000100000000)
  region size 1024K, 2 young (2048K), 2 survivors (2048K)
 Metaspace       used 122811K, capacity 125983K, committed 126208K, reserved 1159168K
  class space    used 15156K, capacity 16308K, committed 16384K, reserved 1048576K
}
Event: 165.683 GC heap before
{Heap before GC invocations=91 (full 0):
 garbage-first heap   total 225280K, used 179173K [0x0000000080000000, 0x0000000100000000)
  region size 1024K, 35 young (35840K), 2 survivors (2048K)
 Metaspace       used 123642K, capacity 126816K, committed 126976K, reserved 1159168K
  class space    used 15222K, capacity 16372K, committed 16384K, reserved 1048576K
}
Event: 165.688 GC heap after
{Heap after GC invocations=92 (full 0):
 garbage-first heap   total 225280K, used 148866K [0x0000000080000000, 0x0000000100000000)
  region size 1024K, 5 young (5120K), 5 survivors (5120K)
 Metaspace       used 123642K, capacity 126816K, committed 126976K, reserved 1159168K
  class space    used 15222K, capacity 16372K, committed 16384K, reserved 1048576K
}
Event: 167.978 GC heap before
{Heap before GC invocations=92 (full 0):
 garbage-first heap   total 225280K, used 181634K [0x0000000080000000, 0x0000000100000000)
  region size 1024K, 38 young (38912K), 5 survivors (5120K)
 Metaspace       used 124836K, capacity 128046K, committed 128128K, reserved 1161216K
  class space    used 15345K, capacity 16482K, committed 16512K, reserved 1048576K
}
Event: 167.982 GC heap after
{Heap after GC invocations=93 (full 0):
 garbage-first heap   total 225280K, used 147986K [0x0000000080000000, 0x0000000100000000)
  region size 1024K, 1 young (1024K), 1 survivors (1024K)
 Metaspace       used 124836K, capacity 128046K, committed 128128K, reserved 1161216K
  class space    used 15345K, capacity 16482K, committed 16512K, reserved 1048576K
}
Event: 169.883 GC heap before
{Heap before GC invocations=93 (full 0):
 garbage-first heap   total 225280K, used 182802K [0x0000000080000000, 0x0000000100000000)
  region size 1024K, 36 young (36864K), 1 survivors (1024K)
 Metaspace       used 127101K, capacity 130286K, committed 130560K, reserved 1163264K
  class space    used 15651K, capacity 16802K, committed 16896K, reserved 1048576K
}
Event: 169.887 GC heap after
{Heap after GC invocations=94 (full 0):
 garbage-first heap   total 225280K, used 148291K [0x0000000080000000, 0x0000000100000000)
  region size 1024K, 1 young (1024K), 1 survivors (1024K)
 Metaspace       used 127101K, capacity 130286K, committed 130560K, reserved 1163264K
  class space    used 15651K, capacity 16802K, committed 16896K, reserved 1048576K
}

